[26 dic 2021 13:25:47] Building database metadata model
[26 dic 2021 13:25:47] Properties: {partialRefresh=false, processColumnsUsingSelect=, includePrimaryKeys=true, eventSocketClient=com.webratio.commons.net.EventSocketClient@546a4fda, includeTables=true, username=admin, outputLogPath=D:\WebRatio\workspace\SEBD-Supermentcato\.Temp~\DB.xml.log, readIndexes=null, driverClass=com.mysql.jdbc.Driver, includeSynonyms=true, metaDataProviderClass=com.webratio.commons.db.metadata.MySQLMetaDataProvider, outputPath=D:\WebRatio\workspace\SEBD-Supermentcato\.Temp~\DB.xml, schemaRegex=null, readProcedures=null, includeViews=true, derby.system.home=D:\WebRatio\workspace\.metadata\.plugins\com.webratio.commons.db\derby, url=jdbc:mysql://localhost:3306/supermercati, tableRegex=null, readSQLDefinitions=true, includeForeignKeys=false, retrieveAllNames=false, tablesToRefresh=, eventSocketPort=64222}
[26 dic 2021 13:25:47] URL: jdbc:mysql://localhost:3306/supermercati
[26 dic 2021 13:25:47] Product name: MySQL
[26 dic 2021 13:25:47] Product version: 5.5.5-10.4.22-MariaDB
[26 dic 2021 13:25:47] Driver name: MySQL Connector Java
[26 dic 2021 13:25:47] Driver version: mysql-connector-java-5.1.31 ( Revision: alexander.soklakov@oracle.com-20140520065950-groqzzbvxprqdmnz )
[26 dic 2021 13:25:47] Driver major version: 5
[26 dic 2021 13:25:47] Driver minor version: 1
[26 dic 2021 13:25:47] Identifier quote string: 1
[26 dic 2021 13:25:47] Retrieving schemas
[26 dic 2021 13:25:47] Retrieving [TABLE, VIEW, SYNONYM] for schema ''
[26 dic 2021 13:25:47]   Found 'categoria' [type = TABLE]
[26 dic 2021 13:25:47]   Found 'citta' [type = TABLE]
[26 dic 2021 13:25:47]   Found 'dipendente' [type = TABLE]
[26 dic 2021 13:25:47]   Found 'fascia_prezzo' [type = TABLE]
[26 dic 2021 13:25:47]   Found 'group' [type = TABLE]
[26 dic 2021 13:25:47]   Found 'group_module' [type = TABLE]
[26 dic 2021 13:25:47]   Found 'indirizzo' [type = TABLE]
[26 dic 2021 13:25:47]   Found 'module' [type = TABLE]
[26 dic 2021 13:25:47]   Found 'nazione' [type = TABLE]
[26 dic 2021 13:25:47]   Found 'negozio' [type = TABLE]
[26 dic 2021 13:25:47]   Found 'negozio_nuovo' [type = TABLE]
[26 dic 2021 13:25:47]   Found 'orario' [type = TABLE]
[26 dic 2021 13:25:47]   Found 'prodotto' [type = TABLE]
[26 dic 2021 13:25:47]   Found 'prodotto_nuovo' [type = TABLE]
[26 dic 2021 13:25:47]   Found 'prodotto_online' [type = TABLE]
[26 dic 2021 13:25:47]   Found 'promozione' [type = TABLE]
[26 dic 2021 13:25:47]   Found 'responsabile' [type = TABLE]
[26 dic 2021 13:25:47]   Found 'riga_ordine' [type = TABLE]
[26 dic 2021 13:25:47]   Found 'spesa' [type = TABLE]
[26 dic 2021 13:25:47]   Found 'stato_ordine' [type = TABLE]
[26 dic 2021 13:25:47]   Found 'user' [type = TABLE]
[26 dic 2021 13:25:47]   Found 'user_group' [type = TABLE]
[26 dic 2021 13:25:47]   Found 'utente_esterno_registrato' [type = TABLE]
[26 dic 2021 13:25:47]   Found 'dipendente_ordinigestiti_view' [type = VIEW]
[26 dic 2021 13:25:47]   Found 'negozio_numerolavoratori_view' [type = VIEW]
[26 dic 2021 13:25:47]   Found 'negozio_volume_vendite_view' [type = VIEW]
[26 dic 2021 13:25:47]   Found 'spesa_importo_totale_view' [type = VIEW]
[26 dic 2021 13:25:47]   Found 'stato_ordine_dipendente_view' [type = VIEW]
[26 dic 2021 13:25:47]   Found 'stato_ordine_utenteesterno_vie' [type = VIEW]
[26 dic 2021 13:25:47] Retrieving columns for 'categoria' [type = TABLE]
[26 dic 2021 13:25:47]   Found column: oid [type = INT][SQL/XOPEN type = 4][size = 10][dec. digits = 0]
[26 dic 2021 13:25:47]   Found column: descrizione [type = VARCHAR][SQL/XOPEN type = 12][size = 255][dec. digits = 0]
[26 dic 2021 13:25:47]   Found column: nome [type = VARCHAR][SQL/XOPEN type = 12][size = 255][dec. digits = 0]
[26 dic 2021 13:25:47] Retrieving primary keys for 'categoria' [type = TABLE]
[26 dic 2021 13:25:47]   Found primary key column: oid
[26 dic 2021 13:25:47] Retrieving columns for 'citta' [type = TABLE]
[26 dic 2021 13:25:47]   Found column: oid [type = INT][SQL/XOPEN type = 4][size = 10][dec. digits = 0]
[26 dic 2021 13:25:47]   Found column: nazione [type = VARCHAR][SQL/XOPEN type = 12][size = 255][dec. digits = 0]
[26 dic 2021 13:25:47]   Found column: provincia [type = VARCHAR][SQL/XOPEN type = 12][size = 255][dec. digits = 0]
[26 dic 2021 13:25:47]   Found column: nome [type = VARCHAR][SQL/XOPEN type = 12][size = 255][dec. digits = 0]
[26 dic 2021 13:25:47] Retrieving primary keys for 'citta' [type = TABLE]
[26 dic 2021 13:25:47]   Found primary key column: oid
[26 dic 2021 13:25:47] Retrieving columns for 'dipendente' [type = TABLE]
[26 dic 2021 13:25:47]   Found column: responsabile_oid [type = INT][SQL/XOPEN type = 4][size = 10][dec. digits = 0]
[26 dic 2021 13:25:47] Retrieving primary keys for 'dipendente' [type = TABLE]
[26 dic 2021 13:25:47]   Found primary key column: responsabile_oid
[26 dic 2021 13:25:47] Retrieving columns for 'fascia_prezzo' [type = TABLE]
[26 dic 2021 13:25:48]   Found column: oid [type = INT][SQL/XOPEN type = 4][size = 10][dec. digits = 0]
[26 dic 2021 13:25:48]   Found column: fascia [type = VARCHAR][SQL/XOPEN type = 12][size = 255][dec. digits = 0]
[26 dic 2021 13:25:48] Retrieving primary keys for 'fascia_prezzo' [type = TABLE]
[26 dic 2021 13:25:48]   Found primary key column: oid
[26 dic 2021 13:25:48] Retrieving columns for 'group' [type = TABLE]
[26 dic 2021 13:25:48]   Found column: oid [type = INT][SQL/XOPEN type = 4][size = 10][dec. digits = 0]
[26 dic 2021 13:25:48]   Found column: groupname [type = VARCHAR][SQL/XOPEN type = 12][size = 255][dec. digits = 0]
[26 dic 2021 13:25:48]   Found column: module_oid [type = INT][SQL/XOPEN type = 4][size = 10][dec. digits = 0]
[26 dic 2021 13:25:48] Retrieving primary keys for 'group' [type = TABLE]
[26 dic 2021 13:25:48]   Found primary key column: oid
[26 dic 2021 13:25:48] Retrieving columns for 'group_module' [type = TABLE]
[26 dic 2021 13:25:48]   Found column: group_oid [type = INT][SQL/XOPEN type = 4][size = 10][dec. digits = 0]
[26 dic 2021 13:25:48]   Found column: module_oid [type = INT][SQL/XOPEN type = 4][size = 10][dec. digits = 0]
[26 dic 2021 13:25:48] Retrieving primary keys for 'group_module' [type = TABLE]
[26 dic 2021 13:25:48]   Found primary key column: group_oid
[26 dic 2021 13:25:48]   Found primary key column: module_oid
[26 dic 2021 13:25:48] Retrieving columns for 'indirizzo' [type = TABLE]
[26 dic 2021 13:25:48]   Found column: oid [type = INT][SQL/XOPEN type = 4][size = 10][dec. digits = 0]
[26 dic 2021 13:25:48]   Found column: numero [type = INT][SQL/XOPEN type = 4][size = 10][dec. digits = 0]
[26 dic 2021 13:25:48]   Found column: via [type = VARCHAR][SQL/XOPEN type = 12][size = 255][dec. digits = 0]
[26 dic 2021 13:25:48]   Found column: citta_oid [type = INT][SQL/XOPEN type = 4][size = 10][dec. digits = 0]
[26 dic 2021 13:25:48]   Found column: negozio_oid [type = INT][SQL/XOPEN type = 4][size = 10][dec. digits = 0]
[26 dic 2021 13:25:48]   Found column: utente_esterno_registrato_oid [type = INT][SQL/XOPEN type = 4][size = 10][dec. digits = 0]
[26 dic 2021 13:25:48] Retrieving primary keys for 'indirizzo' [type = TABLE]
[26 dic 2021 13:25:48]   Found primary key column: oid
[26 dic 2021 13:25:48] Retrieving columns for 'module' [type = TABLE]
[26 dic 2021 13:25:48]   Found column: oid [type = INT][SQL/XOPEN type = 4][size = 10][dec. digits = 0]
[26 dic 2021 13:25:48]   Found column: moduleid [type = VARCHAR][SQL/XOPEN type = 12][size = 255][dec. digits = 0]
[26 dic 2021 13:25:48]   Found column: modulename [type = VARCHAR][SQL/XOPEN type = 12][size = 255][dec. digits = 0]
[26 dic 2021 13:25:48] Retrieving primary keys for 'module' [type = TABLE]
[26 dic 2021 13:25:48]   Found primary key column: oid
[26 dic 2021 13:25:48] Retrieving columns for 'nazione' [type = TABLE]
[26 dic 2021 13:25:48]   Found column: oid [type = INT][SQL/XOPEN type = 4][size = 10][dec. digits = 0]
[26 dic 2021 13:25:48]   Found column: nome [type = VARCHAR][SQL/XOPEN type = 12][size = 255][dec. digits = 0]
[26 dic 2021 13:25:48] Retrieving primary keys for 'nazione' [type = TABLE]
[26 dic 2021 13:25:48]   Found primary key column: oid
[26 dic 2021 13:25:48] Retrieving columns for 'negozio' [type = TABLE]
[26 dic 2021 13:25:48]   Found column: oid [type = INT][SQL/XOPEN type = 4][size = 10][dec. digits = 0]
[26 dic 2021 13:25:48]   Found column: fondazione [type = DATE][SQL/XOPEN type = 91][size = 10][dec. digits = 0]
[26 dic 2021 13:25:48]   Found column: massimo_ordini_giornalieri [type = INT][SQL/XOPEN type = 4][size = 10][dec. digits = 0]
[26 dic 2021 13:25:48]   Found column: nome [type = VARCHAR][SQL/XOPEN type = 12][size = 255][dec. digits = 0]
[26 dic 2021 13:25:48] Retrieving primary keys for 'negozio' [type = TABLE]
[26 dic 2021 13:25:48]   Found primary key column: oid
[26 dic 2021 13:25:48] Retrieving columns for 'negozio_nuovo' [type = TABLE]
[26 dic 2021 13:25:48]   Found column: negozio_oid [type = INT][SQL/XOPEN type = 4][size = 10][dec. digits = 0]
[26 dic 2021 13:25:48] Retrieving primary keys for 'negozio_nuovo' [type = TABLE]
[26 dic 2021 13:25:48]   Found primary key column: negozio_oid
[26 dic 2021 13:25:48] Retrieving columns for 'orario' [type = TABLE]
[26 dic 2021 13:25:48]   Found column: oid [type = INT][SQL/XOPEN type = 4][size = 10][dec. digits = 0]
[26 dic 2021 13:25:48]   Found column: ora_fine [type = TIME][SQL/XOPEN type = 92][size = 8][dec. digits = 0]
[26 dic 2021 13:25:48]   Found column: ora_inizio [type = TIME][SQL/XOPEN type = 92][size = 8][dec. digits = 0]
[26 dic 2021 13:25:48]   Found column: giorno [type = VARCHAR][SQL/XOPEN type = 12][size = 255][dec. digits = 0]
[26 dic 2021 13:25:48]   Found column: negozio_oid [type = INT][SQL/XOPEN type = 4][size = 10][dec. digits = 0]
[26 dic 2021 13:25:48] Retrieving primary keys for 'orario' [type = TABLE]
[26 dic 2021 13:25:48]   Found primary key column: oid
[26 dic 2021 13:25:48] Retrieving columns for 'prodotto' [type = TABLE]
[26 dic 2021 13:25:48]   Found column: oid [type = INT][SQL/XOPEN type = 4][size = 10][dec. digits = 0]
[26 dic 2021 13:25:48]   Found column: data_inserimento [type = DATE][SQL/XOPEN type = 91][size = 10][dec. digits = 0]
[26 dic 2021 13:25:48]   Found column: prezzo [type = NUMERIC][SQL/XOPEN type = 2][size = 19][dec. digits = 2]
[26 dic 2021 13:25:48]   Found column: descrizione [type = VARCHAR][SQL/XOPEN type = 12][size = 255][dec. digits = 0]
[26 dic 2021 13:25:48]   Found column: nome [type = VARCHAR][SQL/XOPEN type = 12][size = 255][dec. digits = 0]
[26 dic 2021 13:25:48]   Found column: immagine [type = VARCHAR][SQL/XOPEN type = 12][size = 255][dec. digits = 0]
[26 dic 2021 13:25:48]   Found column: vendibile [type = BIT][SQL/XOPEN type = -7][size = 1][dec. digits = 0]
[26 dic 2021 13:25:48]   Found column: fascia_prezzo_oid [type = INT][SQL/XOPEN type = 4][size = 10][dec. digits = 0]
[26 dic 2021 13:25:48]   Found column: nazione_oid [type = INT][SQL/XOPEN type = 4][size = 10][dec. digits = 0]
[26 dic 2021 13:25:48]   Found column: categoria_oid [type = INT][SQL/XOPEN type = 4][size = 10][dec. digits = 0]
[26 dic 2021 13:25:48] Retrieving primary keys for 'prodotto' [type = TABLE]
[26 dic 2021 13:25:48]   Found primary key column: oid
[26 dic 2021 13:25:48] Retrieving columns for 'prodotto_nuovo' [type = TABLE]
[26 dic 2021 13:25:48]   Found column: prodotto_oid [type = INT][SQL/XOPEN type = 4][size = 10][dec. digits = 0]
[26 dic 2021 13:25:48] Retrieving primary keys for 'prodotto_nuovo' [type = TABLE]
[26 dic 2021 13:25:48]   Found primary key column: prodotto_oid
[26 dic 2021 13:25:48] Retrieving columns for 'prodotto_online' [type = TABLE]
[26 dic 2021 13:25:48]   Found column: oid [type = INT][SQL/XOPEN type = 4][size = 10][dec. digits = 0]
[26 dic 2021 13:25:48]   Found column: negozio_oid [type = INT][SQL/XOPEN type = 4][size = 10][dec. digits = 0]
[26 dic 2021 13:25:48]   Found column: prodotto_oid [type = INT][SQL/XOPEN type = 4][size = 10][dec. digits = 0]
[26 dic 2021 13:25:48] Retrieving primary keys for 'prodotto_online' [type = TABLE]
[26 dic 2021 13:25:48]   Found primary key column: oid
[26 dic 2021 13:25:48] Retrieving columns for 'promozione' [type = TABLE]
[26 dic 2021 13:25:48]   Found column: oid [type = INT][SQL/XOPEN type = 4][size = 10][dec. digits = 0]
[26 dic 2021 13:25:48]   Found column: scadenza [type = DATE][SQL/XOPEN type = 91][size = 10][dec. digits = 0]
[26 dic 2021 13:25:48]   Found column: sconto [type = NUMERIC][SQL/XOPEN type = 2][size = 19][dec. digits = 2]
[26 dic 2021 13:25:48]   Found column: valida_online [type = BIT][SQL/XOPEN type = -7][size = 1][dec. digits = 0]
[26 dic 2021 13:25:48]   Found column: valida_in_negozio [type = BIT][SQL/XOPEN type = -7][size = 1][dec. digits = 0]
[26 dic 2021 13:25:48]   Found column: negozio_oid [type = INT][SQL/XOPEN type = 4][size = 10][dec. digits = 0]
[26 dic 2021 13:25:48]   Found column: prodotto_oid [type = INT][SQL/XOPEN type = 4][size = 10][dec. digits = 0]
[26 dic 2021 13:25:48] Retrieving primary keys for 'promozione' [type = TABLE]
[26 dic 2021 13:25:48]   Found primary key column: oid
[26 dic 2021 13:25:48] Retrieving columns for 'responsabile' [type = TABLE]
[26 dic 2021 13:25:48]   Found column: user_oid [type = INT][SQL/XOPEN type = 4][size = 10][dec. digits = 0]
[26 dic 2021 13:25:48]   Found column: nome [type = VARCHAR][SQL/XOPEN type = 12][size = 255][dec. digits = 0]
[26 dic 2021 13:25:48]   Found column: cognome [type = VARCHAR][SQL/XOPEN type = 12][size = 255][dec. digits = 0]
[26 dic 2021 13:25:48]   Found column: licenziato [type = BIT][SQL/XOPEN type = -7][size = 1][dec. digits = 0]
[26 dic 2021 13:25:48]   Found column: negozio_oid [type = INT][SQL/XOPEN type = 4][size = 10][dec. digits = 0]
[26 dic 2021 13:25:48] Retrieving primary keys for 'responsabile' [type = TABLE]
[26 dic 2021 13:25:48]   Found primary key column: user_oid
[26 dic 2021 13:25:48] Retrieving columns for 'riga_ordine' [type = TABLE]
[26 dic 2021 13:25:48]   Found column: oid [type = INT][SQL/XOPEN type = 4][size = 10][dec. digits = 0]
[26 dic 2021 13:25:48]   Found column: quantita [type = INT][SQL/XOPEN type = 4][size = 10][dec. digits = 0]
[26 dic 2021 13:25:48]   Found column: costo [type = NUMERIC][SQL/XOPEN type = 2][size = 19][dec. digits = 2]
[26 dic 2021 13:25:48]   Found column: sconto [type = NUMERIC][SQL/XOPEN type = 2][size = 19][dec. digits = 2]
[26 dic 2021 13:25:48]   Found column: sub_totale [type = NUMERIC][SQL/XOPEN type = 2][size = 19][dec. digits = 2]
[26 dic 2021 13:25:48]   Found column: spesa_oid [type = INT][SQL/XOPEN type = 4][size = 10][dec. digits = 0]
[26 dic 2021 13:25:48]   Found column: prodotto_oid [type = INT][SQL/XOPEN type = 4][size = 10][dec. digits = 0]
[26 dic 2021 13:25:48] Retrieving primary keys for 'riga_ordine' [type = TABLE]
[26 dic 2021 13:25:48]   Found primary key column: oid
[26 dic 2021 13:25:48] Retrieving columns for 'spesa' [type = TABLE]
[26 dic 2021 13:25:48]   Found column: oid [type = INT][SQL/XOPEN type = 4][size = 10][dec. digits = 0]
[26 dic 2021 13:25:48]   Found column: data_di_spedizione [type = DATE][SQL/XOPEN type = 91][size = 10][dec. digits = 0]
[26 dic 2021 13:25:48]   Found column: data_di_creazione [type = DATE][SQL/XOPEN type = 91][size = 10][dec. digits = 0]
[26 dic 2021 13:25:48]   Found column: utente_esterno_registrato_oid [type = INT][SQL/XOPEN type = 4][size = 10][dec. digits = 0]
[26 dic 2021 13:25:48]   Found column: negozio_oid [type = INT][SQL/XOPEN type = 4][size = 10][dec. digits = 0]
[26 dic 2021 13:25:48] Retrieving primary keys for 'spesa' [type = TABLE]
[26 dic 2021 13:25:48]   Found primary key column: oid
[26 dic 2021 13:25:48] Retrieving columns for 'stato_ordine' [type = TABLE]
[26 dic 2021 13:25:48]   Found column: oid [type = INT][SQL/XOPEN type = 4][size = 10][dec. digits = 0]
[26 dic 2021 13:25:48]   Found column: stato [type = VARCHAR][SQL/XOPEN type = 12][size = 255][dec. digits = 0]
[26 dic 2021 13:25:48]   Found column: spesa_oid [type = INT][SQL/XOPEN type = 4][size = 10][dec. digits = 0]
[26 dic 2021 13:25:48]   Found column: dipendente_oid [type = INT][SQL/XOPEN type = 4][size = 10][dec. digits = 0]
[26 dic 2021 13:25:48] Retrieving primary keys for 'stato_ordine' [type = TABLE]
[26 dic 2021 13:25:48]   Found primary key column: oid
[26 dic 2021 13:25:48] Retrieving columns for 'user' [type = TABLE]
[26 dic 2021 13:25:48]   Found column: oid [type = INT][SQL/XOPEN type = 4][size = 10][dec. digits = 0]
[26 dic 2021 13:25:48]   Found column: username [type = VARCHAR][SQL/XOPEN type = 12][size = 255][dec. digits = 0]
[26 dic 2021 13:25:48]   Found column: password [type = VARCHAR][SQL/XOPEN type = 12][size = 255][dec. digits = 0]
[26 dic 2021 13:25:48]   Found column: email [type = VARCHAR][SQL/XOPEN type = 12][size = 255][dec. digits = 0]
[26 dic 2021 13:25:48]   Found column: group_oid [type = INT][SQL/XOPEN type = 4][size = 10][dec. digits = 0]
[26 dic 2021 13:25:48] Retrieving primary keys for 'user' [type = TABLE]
[26 dic 2021 13:25:48]   Found primary key column: oid
[26 dic 2021 13:25:48] Retrieving columns for 'user_group' [type = TABLE]
[26 dic 2021 13:25:48]   Found column: user_oid [type = INT][SQL/XOPEN type = 4][size = 10][dec. digits = 0]
[26 dic 2021 13:25:48]   Found column: group_oid [type = INT][SQL/XOPEN type = 4][size = 10][dec. digits = 0]
[26 dic 2021 13:25:48] Retrieving primary keys for 'user_group' [type = TABLE]
[26 dic 2021 13:25:48]   Found primary key column: user_oid
[26 dic 2021 13:25:48]   Found primary key column: group_oid
[26 dic 2021 13:25:48] Retrieving columns for 'utente_esterno_registrato' [type = TABLE]
[26 dic 2021 13:25:48]   Found column: user_oid [type = INT][SQL/XOPEN type = 4][size = 10][dec. digits = 0]
[26 dic 2021 13:25:48]   Found column: nome [type = VARCHAR][SQL/XOPEN type = 12][size = 255][dec. digits = 0]
[26 dic 2021 13:25:48]   Found column: cognome [type = VARCHAR][SQL/XOPEN type = 12][size = 255][dec. digits = 0]
[26 dic 2021 13:25:48]   Found column: negozio_oid [type = INT][SQL/XOPEN type = 4][size = 10][dec. digits = 0]
[26 dic 2021 13:25:48] Retrieving primary keys for 'utente_esterno_registrato' [type = TABLE]
[26 dic 2021 13:25:48]   Found primary key column: user_oid
[26 dic 2021 13:25:48] Retrieving columns for 'dipendente_ordinigestiti_view' [type = VIEW]
[26 dic 2021 13:25:48]   Found column: responsabile_oid [type = INT][SQL/XOPEN type = 4][size = 10][dec. digits = 0]
[26 dic 2021 13:25:48]   Found column: der_attr [type = NUMERIC][SQL/XOPEN type = 2][size = 19][dec. digits = 0]
[26 dic 2021 13:25:48] Retrieving primary keys for 'dipendente_ordinigestiti_view' [type = VIEW]
[26 dic 2021 13:25:48] Retrieving columns for 'negozio_numerolavoratori_view' [type = VIEW]
[26 dic 2021 13:25:48]   Found column: oid [type = INT][SQL/XOPEN type = 4][size = 10][dec. digits = 0]
[26 dic 2021 13:25:48]   Found column: der_attr [type = NUMERIC][SQL/XOPEN type = 2][size = 19][dec. digits = 0]
[26 dic 2021 13:25:48] Retrieving primary keys for 'negozio_numerolavoratori_view' [type = VIEW]
[26 dic 2021 13:25:48] Retrieving columns for 'negozio_volume_vendite_view' [type = VIEW]
[26 dic 2021 13:25:48]   Found column: oid [type = INT][SQL/XOPEN type = 4][size = 10][dec. digits = 0]
[26 dic 2021 13:25:48]   Found column: der_attr [type = NUMERIC][SQL/XOPEN type = 2][size = 63][dec. digits = 2]
[26 dic 2021 13:25:48] Retrieving primary keys for 'negozio_volume_vendite_view' [type = VIEW]
[26 dic 2021 13:25:48] Retrieving columns for 'spesa_importo_totale_view' [type = VIEW]
[26 dic 2021 13:25:48]   Found column: oid [type = INT][SQL/XOPEN type = 4][size = 10][dec. digits = 0]
[26 dic 2021 13:25:48]   Found column: der_attr [type = NUMERIC][SQL/XOPEN type = 2][size = 41][dec. digits = 2]
[26 dic 2021 13:25:48] Retrieving primary keys for 'spesa_importo_totale_view' [type = VIEW]
[26 dic 2021 13:25:48] Retrieving columns for 'stato_ordine_dipendente_view' [type = VIEW]
[26 dic 2021 13:25:48]   Found column: oid [type = INT][SQL/XOPEN type = 4][size = 10][dec. digits = 0]
[26 dic 2021 13:25:48]   Found column: der_attr [type = INT][SQL/XOPEN type = 4][size = 10][dec. digits = 0]
[26 dic 2021 13:25:48] Retrieving primary keys for 'stato_ordine_dipendente_view' [type = VIEW]
[26 dic 2021 13:25:48] Retrieving columns for 'stato_ordine_utenteesterno_vie' [type = VIEW]
[26 dic 2021 13:25:48]   Found column: oid [type = INT][SQL/XOPEN type = 4][size = 10][dec. digits = 0]
[26 dic 2021 13:25:48]   Found column: der_attr [type = INT][SQL/XOPEN type = 4][size = 10][dec. digits = 0]
[26 dic 2021 13:25:48] Retrieving primary keys for 'stato_ordine_utenteesterno_vie' [type = VIEW]
[26 dic 2021 13:25:48] Database metadata retrieved (709 ms)
[26 dic 2021 13:25:48] Retrieving auto-increment columns for 'categoria' [type = TABLE]
[26 dic 2021 13:25:48] Retrieving auto-increment columns for 'citta' [type = TABLE]
[26 dic 2021 13:25:48] Retrieving auto-increment columns for 'dipendente' [type = TABLE]
[26 dic 2021 13:25:48] Retrieving auto-increment columns for 'fascia_prezzo' [type = TABLE]
[26 dic 2021 13:25:48] Retrieving auto-increment columns for 'group' [type = TABLE]
[26 dic 2021 13:25:48] Retrieving auto-increment columns for 'group_module' [type = TABLE]
[26 dic 2021 13:25:48] Retrieving auto-increment columns for 'indirizzo' [type = TABLE]
[26 dic 2021 13:25:48] Retrieving auto-increment columns for 'module' [type = TABLE]
[26 dic 2021 13:25:48] Retrieving auto-increment columns for 'nazione' [type = TABLE]
[26 dic 2021 13:25:48] Retrieving auto-increment columns for 'negozio' [type = TABLE]
[26 dic 2021 13:25:48] Retrieving auto-increment columns for 'negozio_nuovo' [type = TABLE]
[26 dic 2021 13:25:48] Retrieving auto-increment columns for 'orario' [type = TABLE]
[26 dic 2021 13:25:48] Retrieving auto-increment columns for 'prodotto' [type = TABLE]
[26 dic 2021 13:25:48] Retrieving auto-increment columns for 'prodotto_nuovo' [type = TABLE]
[26 dic 2021 13:25:48] Retrieving auto-increment columns for 'prodotto_online' [type = TABLE]
[26 dic 2021 13:25:48] Retrieving auto-increment columns for 'promozione' [type = TABLE]
[26 dic 2021 13:25:48] Retrieving auto-increment columns for 'responsabile' [type = TABLE]
[26 dic 2021 13:25:48] Retrieving auto-increment columns for 'riga_ordine' [type = TABLE]
[26 dic 2021 13:25:48] Retrieving auto-increment columns for 'spesa' [type = TABLE]
[26 dic 2021 13:25:48] Retrieving auto-increment columns for 'stato_ordine' [type = TABLE]
[26 dic 2021 13:25:48] Retrieving auto-increment columns for 'user' [type = TABLE]
[26 dic 2021 13:25:48] Retrieving auto-increment columns for 'user_group' [type = TABLE]
[26 dic 2021 13:25:48] Retrieving auto-increment columns for 'utente_esterno_registrato' [type = TABLE]
[26 dic 2021 13:25:48] Retrieving auto-increment columns for 'dipendente_ordinigestiti_view' [type = VIEW]
[26 dic 2021 13:25:48] Retrieving auto-increment columns for 'negozio_numerolavoratori_view' [type = VIEW]
[26 dic 2021 13:25:48] Retrieving auto-increment columns for 'negozio_volume_vendite_view' [type = VIEW]
[26 dic 2021 13:25:48] Retrieving auto-increment columns for 'spesa_importo_totale_view' [type = VIEW]
[26 dic 2021 13:25:48] Retrieving auto-increment columns for 'stato_ordine_dipendente_view' [type = VIEW]
[26 dic 2021 13:25:48] Retrieving auto-increment columns for 'stato_ordine_utenteesterno_vie' [type = VIEW]
[26 dic 2021 13:25:48] Database connection closed
